# JRE version: Java(TM) SE Runtime Environment (8.0_191-b12) (build 1.8.0_191-b12)
# Java VM: Java HotSpot(TM) 64-Bit Server VM (25.191-b12 mixed mode windows-amd64 compressed oops)
Heap:
 PSYoungGen      total 457728K, used 185027K [0x0000000780000000, 0x00000007a5900000, 0x00000007c0000000)
  eden space 412160K, 43% used [0x0000000780000000,0x000000078aed7db0,0x0000000799280000)
  from space 45568K, 13% used [0x0000000799280000,0x0000000799859210,0x000000079bf00000)
  to   space 45056K, 0% used [0x00000007a2d00000,0x00000007a2d00000,0x00000007a5900000)
 ParOldGen       total 276480K, used 39323K [0x0000000700000000, 0x0000000710e00000, 0x0000000780000000)
  object space 276480K, 14% used [0x0000000700000000,0x0000000702666fa0,0x0000000710e00000)
 Metaspace       used 63536K, capacity 64454K, committed 64680K, reserved 1105920K
  class space    used 7826K, capacity 8083K, committed 8112K, reserved 1048576K
GC Heap History (10 events):
Event: 14.593 GC heap before
{Heap before GC invocations=17 (full 3):
 PSYoungGen      total 290816K, used 262781K [0x0000000780000000, 0x0000000797280000, 0x00000007c0000000)
  eden space 259072K, 100% used [0x0000000780000000,0x000000078fd00000,0x000000078fd00000)
  from space 31744K, 11% used [0x000000078fd00000,0x000000079009f518,0x0000000791c00000)
  to   space 31744K, 0% used [0x0000000795380000,0x0000000795380000,0x0000000797280000)
 ParOldGen       total 276480K, used 47999K [0x0000000700000000, 0x0000000710e00000, 0x0000000780000000)
  object space 276480K, 17% used [0x0000000700000000,0x0000000702edfe50,0x0000000710e00000)
 Metaspace       used 61984K, capacity 62834K, committed 63400K, reserved 1103872K
  class space    used 7750K, capacity 8022K, committed 8112K, reserved 1048576K
Event: 14.615 GC heap after
Heap after GC invocations=17 (full 3):
 PSYoungGen      total 345088K, used 25555K [0x0000000780000000, 0x0000000798d80000, 0x00000007c0000000)
  eden space 313344K, 0% used [0x0000000780000000,0x0000000780000000,0x0000000793200000)
  from space 31744K, 80% used [0x0000000795380000,0x0000000796c74c48,0x0000000797280000)
  to   space 34304K, 0% used [0x0000000793200000,0x0000000793200000,0x0000000795380000)
 ParOldGen       total 276480K, used 48007K [0x0000000700000000, 0x0000000710e00000, 0x0000000780000000)
  object space 276480K, 17% used [0x0000000700000000,0x0000000702ee1e50,0x0000000710e00000)
 Metaspace       used 61984K, capacity 62834K, committed 63400K, reserved 1103872K
  class space    used 7750K, capacity 8022K, committed 8112K, reserved 1048576K
}
Event: 15.432 GC heap before
{Heap before GC invocations=18 (full 3):
 PSYoungGen      total 345088K, used 338899K [0x0000000780000000, 0x0000000798d80000, 0x00000007c0000000)
  eden space 313344K, 100% used [0x0000000780000000,0x0000000793200000,0x0000000793200000)
  from space 31744K, 80% used [0x0000000795380000,0x0000000796c74c48,0x0000000797280000)
  to   space 34304K, 0% used [0x0000000793200000,0x0000000793200000,0x0000000795380000)
 ParOldGen       total 276480K, used 48007K [0x0000000700000000, 0x0000000710e00000, 0x0000000780000000)
  object space 276480K, 17% used [0x0000000700000000,0x0000000702ee1e50,0x0000000710e00000)
 Metaspace       used 62076K, capacity 62962K, committed 63400K, reserved 1103872K
  class space    used 7760K, capacity 8022K, committed 8112K, reserved 1048576K
Event: 15.451 GC heap after
Heap after GC invocations=18 (full 3):
 PSYoungGen      total 347648K, used 34302K [0x0000000780000000, 0x000000079ea80000, 0x00000007c0000000)
  eden space 313344K, 0% used [0x0000000780000000,0x0000000780000000,0x0000000793200000)
  from space 34304K, 99% used [0x0000000793200000,0x000000079537fb18,0x0000000795380000)
  to   space 44544K, 0% used [0x000000079bf00000,0x000000079bf00000,0x000000079ea80000)
 ParOldGen       total 276480K, used 60772K [0x0000000700000000, 0x0000000710e00000, 0x0000000780000000)
  object space 276480K, 21% used [0x0000000700000000,0x0000000703b59088,0x0000000710e00000)
 Metaspace       used 62076K, capacity 62962K, committed 63400K, reserved 1103872K
  class space    used 7760K, capacity 8022K, committed 8112K, reserved 1048576K
}
Event: 15.756 GC heap before
{Heap before GC invocations=19 (full 3):
 PSYoungGen      total 347648K, used 93434K [0x0000000780000000, 0x000000079ea80000, 0x00000007c0000000)
  eden space 313344K, 18% used [0x0000000780000000,0x00000007839bedf0,0x0000000793200000)
  from space 34304K, 99% used [0x0000000793200000,0x000000079537fb18,0x0000000795380000)
  to   space 44544K, 0% used [0x000000079bf00000,0x000000079bf00000,0x000000079ea80000)
 ParOldGen       total 276480K, used 60772K [0x0000000700000000, 0x0000000710e00000, 0x0000000780000000)
  object space 276480K, 21% used [0x0000000700000000,0x0000000703b59088,0x0000000710e00000)
 Metaspace       used 62390K, capacity 63198K, committed 63656K, reserved 1105920K
  class space    used 7800K, capacity 8056K, committed 8112K, reserved 1048576K
Event: 15.767 GC heap after
Heap after GC invocations=19 (full 3):
 PSYoungGen      total 456704K, used 27825K [0x0000000780000000, 0x000000079ec80000, 0x00000007c0000000)
  eden space 412160K, 0% used [0x0000000780000000,0x0000000780000000,0x0000000799280000)
  from space 44544K, 62% used [0x000000079bf00000,0x000000079da2c7b8,0x000000079ea80000)
  to   space 45568K, 0% used [0x0000000799280000,0x0000000799280000,0x000000079bf00000)
 ParOldGen       total 276480K, used 60780K [0x0000000700000000, 0x0000000710e00000, 0x0000000780000000)
  object space 276480K, 21% used [0x0000000700000000,0x0000000703b5b088,0x0000000710e00000)
 Metaspace       used 62390K, capacity 63198K, committed 63656K, reserved 1105920K
  class space    used 7800K, capacity 8056K, committed 8112K, reserved 1048576K
}
Event: 15.767 GC heap before
{Heap before GC invocations=20 (full 4):
 PSYoungGen      total 456704K, used 27825K [0x0000000780000000, 0x000000079ec80000, 0x00000007c0000000)
  eden space 412160K, 0% used [0x0000000780000000,0x0000000780000000,0x0000000799280000)
  from space 44544K, 62% used [0x000000079bf00000,0x000000079da2c7b8,0x000000079ea80000)
  to   space 45568K, 0% used [0x0000000799280000,0x0000000799280000,0x000000079bf00000)
 ParOldGen       total 276480K, used 60780K [0x0000000700000000, 0x0000000710e00000, 0x0000000780000000)
  object space 276480K, 21% used [0x0000000700000000,0x0000000703b5b088,0x0000000710e00000)
 Metaspace       used 62390K, capacity 63198K, committed 63656K, reserved 1105920K
  class space    used 7800K, capacity 8056K, committed 8112K, reserved 1048576K
Event: 15.905 GC heap after
Heap after GC invocations=20 (full 4):
 PSYoungGen      total 456704K, used 0K [0x0000000780000000, 0x000000079ec80000, 0x00000007c0000000)
  eden space 412160K, 0% used [0x0000000780000000,0x0000000780000000,0x0000000799280000)
  from space 44544K, 0% used [0x000000079bf00000,0x000000079bf00000,0x000000079ea80000)
  to   space 45568K, 0% used [0x0000000799280000,0x0000000799280000,0x000000079bf00000)
 ParOldGen       total 276480K, used 39315K [0x0000000700000000, 0x0000000710e00000, 0x0000000780000000)
  object space 276480K, 14% used [0x0000000700000000,0x0000000702664fa0,0x0000000710e00000)
 Metaspace       used 62390K, capacity 63198K, committed 63656K, reserved 1105920K
  class space    used 7800K, capacity 8056K, committed 8112K, reserved 1048576K
}
Event: 1068.246 GC heap before
{Heap before GC invocations=21 (full 4):
 PSYoungGen      total 456704K, used 412054K [0x0000000780000000, 0x000000079ec80000, 0x00000007c0000000)
  eden space 412160K, 99% used [0x0000000780000000,0x00000007992658a8,0x0000000799280000)
  from space 44544K, 0% used [0x000000079bf00000,0x000000079bf00000,0x000000079ea80000)
  to   space 45568K, 0% used [0x0000000799280000,0x0000000799280000,0x000000079bf00000)
 ParOldGen       total 276480K, used 39315K [0x0000000700000000, 0x0000000710e00000, 0x0000000780000000)
  object space 276480K, 14% used [0x0000000700000000,0x0000000702664fa0,0x0000000710e00000)
 Metaspace       used 63460K, capacity 64326K, committed 64680K, reserved 1105920K
  class space    used 7825K, capacity 8083K, committed 8112K, reserved 1048576K
Event: 1068.258 GC heap after
Heap after GC invocations=21 (full 4):
 PSYoungGen      total 457728K, used 5988K [0x0000000780000000, 0x00000007a5900000, 0x00000007c0000000)
  eden space 412160K, 0% used [0x0000000780000000,0x0000000780000000,0x0000000799280000)
  from space 45568K, 13% used [0x0000000799280000,0x0000000799859210,0x000000079bf00000)
  to   space 45056K, 0% used [0x00000007a2d00000,0x00000007a2d00000,0x00000007a5900000)
 ParOldGen       total 276480K, used 39323K [0x0000000700000000, 0x0000000710e00000, 0x0000000780000000)
  object space 276480K, 14% used [0x0000000700000000,0x0000000702666fa0,0x0000000710e00000)
 Metaspace       used 63460K, capacity 64326K, committed 64680K, reserved 1105920K
  class space    used 7825K, capacity 8083K, committed 8112K, reserved 1048576K
}

