# JRE version: Java(TM) SE Runtime Environment (8.0_191-b12) (build 1.8.0_191-b12)
# Java VM: Java HotSpot(TM) 64-Bit Server VM (25.191-b12 mixed mode windows-amd64 compressed oops)
Heap:
 PSYoungGen      total 1085952K, used 21987K [0x000000076af00000, 0x00000007afc80000, 0x00000007c0000000)
  eden space 1043968K, 1% used [0x000000076af00000,0x000000076c1b0dc0,0x00000007aaa80000)
  from space 41984K, 6% used [0x00000007ad380000,0x00000007ad648000,0x00000007afc80000)
  to   space 41984K, 0% used [0x00000007aaa80000,0x00000007aaa80000,0x00000007ad380000)
 ParOldGen       total 174080K, used 86237K [0x00000006c0c00000, 0x00000006cb600000, 0x000000076af00000)
  object space 174080K, 49% used [0x00000006c0c00000,0x00000006c6037440,0x00000006cb600000)
 Metaspace       used 47739K, capacity 48498K, committed 48984K, reserved 1091584K
  class space    used 6521K, capacity 6747K, committed 6784K, reserved 1048576K
GC Heap History (10 events):
Event: 26.791 GC heap before
{Heap before GC invocations=42 (full 16):
 PSYoungGen      total 1085952K, used 47766K [0x000000076af00000, 0x00000007afc80000, 0x00000007c0000000)
  eden space 1043968K, 4% used [0x000000076af00000,0x000000076dda5958,0x00000007aaa80000)
  from space 41984K, 0% used [0x00000007aaa80000,0x00000007aaa80000,0x00000007ad380000)
  to   space 41984K, 0% used [0x00000007ad380000,0x00000007ad380000,0x00000007afc80000)
 ParOldGen       total 174080K, used 83001K [0x00000006c0c00000, 0x00000006cb600000, 0x000000076af00000)
  object space 174080K, 47% used [0x00000006c0c00000,0x00000006c5d0e540,0x00000006cb600000)
 Metaspace       used 47581K, capacity 48434K, committed 48728K, reserved 1091584K
  class space    used 6513K, capacity 6747K, committed 6784K, reserved 1048576K
Event: 26.795 GC heap after
Heap after GC invocations=42 (full 16):
 PSYoungGen      total 1085952K, used 192K [0x000000076af00000, 0x00000007afc80000, 0x00000007c0000000)
  eden space 1043968K, 0% used [0x000000076af00000,0x000000076af00000,0x00000007aaa80000)
  from space 41984K, 0% used [0x00000007ad380000,0x00000007ad3b0000,0x00000007afc80000)
  to   space 41984K, 0% used [0x00000007aaa80000,0x00000007aaa80000,0x00000007ad380000)
 ParOldGen       total 174080K, used 83001K [0x00000006c0c00000, 0x00000006cb600000, 0x000000076af00000)
  object space 174080K, 47% used [0x00000006c0c00000,0x00000006c5d0e540,0x00000006cb600000)
 Metaspace       used 47581K, capacity 48434K, committed 48728K, reserved 1091584K
  class space    used 6513K, capacity 6747K, committed 6784K, reserved 1048576K
}
Event: 26.795 GC heap before
{Heap before GC invocations=43 (full 17):
 PSYoungGen      total 1085952K, used 192K [0x000000076af00000, 0x00000007afc80000, 0x00000007c0000000)
  eden space 1043968K, 0% used [0x000000076af00000,0x000000076af00000,0x00000007aaa80000)
  from space 41984K, 0% used [0x00000007ad380000,0x00000007ad3b0000,0x00000007afc80000)
  to   space 41984K, 0% used [0x00000007aaa80000,0x00000007aaa80000,0x00000007ad380000)
 ParOldGen       total 174080K, used 83001K [0x00000006c0c00000, 0x00000006cb600000, 0x000000076af00000)
  object space 174080K, 47% used [0x00000006c0c00000,0x00000006c5d0e540,0x00000006cb600000)
 Metaspace       used 47581K, capacity 48434K, committed 48728K, reserved 1091584K
  class space    used 6513K, capacity 6747K, committed 6784K, reserved 1048576K
Event: 27.083 GC heap after
Heap after GC invocations=43 (full 17):
 PSYoungGen      total 1085952K, used 0K [0x000000076af00000, 0x00000007afc80000, 0x00000007c0000000)
  eden space 1043968K, 0% used [0x000000076af00000,0x000000076af00000,0x00000007aaa80000)
  from space 41984K, 0% used [0x00000007ad380000,0x00000007ad380000,0x00000007afc80000)
  to   space 41984K, 0% used [0x00000007aaa80000,0x00000007aaa80000,0x00000007ad380000)
 ParOldGen       total 174080K, used 82499K [0x00000006c0c00000, 0x00000006cb600000, 0x000000076af00000)
  object space 174080K, 47% used [0x00000006c0c00000,0x00000006c5c90df0,0x00000006cb600000)
 Metaspace       used 47581K, capacity 48434K, committed 48728K, reserved 1091584K
  class space    used 6513K, capacity 6747K, committed 6784K, reserved 1048576K
}
Event: 27.583 GC heap before
{Heap before GC invocations=44 (full 17):
 PSYoungGen      total 1085952K, used 63252K [0x000000076af00000, 0x00000007afc80000, 0x00000007c0000000)
  eden space 1043968K, 6% used [0x000000076af00000,0x000000076ecc50b8,0x00000007aaa80000)
  from space 41984K, 0% used [0x00000007ad380000,0x00000007ad380000,0x00000007afc80000)
  to   space 41984K, 0% used [0x00000007aaa80000,0x00000007aaa80000,0x00000007ad380000)
 ParOldGen       total 174080K, used 82499K [0x00000006c0c00000, 0x00000006cb600000, 0x000000076af00000)
  object space 174080K, 47% used [0x00000006c0c00000,0x00000006c5c90df0,0x00000006cb600000)
 Metaspace       used 47709K, capacity 48498K, committed 48984K, reserved 1091584K
  class space    used 6520K, capacity 6747K, committed 6784K, reserved 1048576K
Event: 27.586 GC heap after
Heap after GC invocations=44 (full 17):
 PSYoungGen      total 1085952K, used 4212K [0x000000076af00000, 0x00000007afc80000, 0x00000007c0000000)
  eden space 1043968K, 0% used [0x000000076af00000,0x000000076af00000,0x00000007aaa80000)
  from space 41984K, 10% used [0x00000007aaa80000,0x00000007aae9d0b8,0x00000007ad380000)
  to   space 41984K, 0% used [0x00000007ad380000,0x00000007ad380000,0x00000007afc80000)
 ParOldGen       total 174080K, used 82507K [0x00000006c0c00000, 0x00000006cb600000, 0x000000076af00000)
  object space 174080K, 47% used [0x00000006c0c00000,0x00000006c5c92df0,0x00000006cb600000)
 Metaspace       used 47709K, capacity 48498K, committed 48984K, reserved 1091584K
  class space    used 6520K, capacity 6747K, committed 6784K, reserved 1048576K
}
Event: 27.586 GC heap before
{Heap before GC invocations=45 (full 18):
 PSYoungGen      total 1085952K, used 4212K [0x000000076af00000, 0x00000007afc80000, 0x00000007c0000000)
  eden space 1043968K, 0% used [0x000000076af00000,0x000000076af00000,0x00000007aaa80000)
  from space 41984K, 10% used [0x00000007aaa80000,0x00000007aae9d0b8,0x00000007ad380000)
  to   space 41984K, 0% used [0x00000007ad380000,0x00000007ad380000,0x00000007afc80000)
 ParOldGen       total 174080K, used 82507K [0x00000006c0c00000, 0x00000006cb600000, 0x000000076af00000)
  object space 174080K, 47% used [0x00000006c0c00000,0x00000006c5c92df0,0x00000006cb600000)
 Metaspace       used 47709K, capacity 48498K, committed 48984K, reserved 1091584K
  class space    used 6520K, capacity 6747K, committed 6784K, reserved 1048576K
Event: 27.992 GC heap after
Heap after GC invocations=45 (full 18):
 PSYoungGen      total 1085952K, used 0K [0x000000076af00000, 0x00000007afc80000, 0x00000007c0000000)
  eden space 1043968K, 0% used [0x000000076af00000,0x000000076af00000,0x00000007aaa80000)
  from space 41984K, 0% used [0x00000007aaa80000,0x00000007aaa80000,0x00000007ad380000)
  to   space 41984K, 0% used [0x00000007ad380000,0x00000007ad380000,0x00000007afc80000)
 ParOldGen       total 174080K, used 86237K [0x00000006c0c00000, 0x00000006cb600000, 0x000000076af00000)
  object space 174080K, 49% used [0x00000006c0c00000,0x00000006c6037440,0x00000006cb600000)
 Metaspace       used 47709K, capacity 48498K, committed 48984K, reserved 1091584K
  class space    used 6520K, capacity 6747K, committed 6784K, reserved 1048576K
}
Event: 28.396 GC heap before
{Heap before GC invocations=46 (full 18):
 PSYoungGen      total 1085952K, used 45246K [0x000000076af00000, 0x00000007afc80000, 0x00000007c0000000)
  eden space 1043968K, 4% used [0x000000076af00000,0x000000076db2fbe8,0x00000007aaa80000)
  from space 41984K, 0% used [0x00000007aaa80000,0x00000007aaa80000,0x00000007ad380000)
  to   space 41984K, 0% used [0x00000007ad380000,0x00000007ad380000,0x00000007afc80000)
 ParOldGen       total 174080K, used 86237K [0x00000006c0c00000, 0x00000006cb600000, 0x000000076af00000)
  object space 174080K, 49% used [0x00000006c0c00000,0x00000006c6037440,0x00000006cb600000)
 Metaspace       used 47735K, capacity 48498K, committed 48984K, reserved 1091584K
  class space    used 6521K, capacity 6747K, committed 6784K, reserved 1048576K
Event: 28.401 GC heap after
Heap after GC invocations=46 (full 18):
 PSYoungGen      total 1085952K, used 2848K [0x000000076af00000, 0x00000007afc80000, 0x00000007c0000000)
  eden space 1043968K, 0% used [0x000000076af00000,0x000000076af00000,0x00000007aaa80000)
  from space 41984K, 6% used [0x00000007ad380000,0x00000007ad648000,0x00000007afc80000)
  to   space 41984K, 0% used [0x00000007aaa80000,0x00000007aaa80000,0x00000007ad380000)
 ParOldGen       total 174080K, used 86237K [0x00000006c0c00000, 0x00000006cb600000, 0x000000076af00000)
  object space 174080K, 49% used [0x00000006c0c00000,0x00000006c6037440,0x00000006cb600000)
 Metaspace       used 47735K, capacity 48498K, committed 48984K, reserved 1091584K
  class space    used 6521K, capacity 6747K, committed 6784K, reserved 1048576K
}

